<?xml version="1.0" encoding="UTF-8"?>
<!-- Generated by org.testng.reporters.JUnitXMLReporter -->
<testsuite ignored="0" hostname="DESKTOP-NFARTSQ" failures="1" tests="1" name="Surefire test" time="19.297" errors="0" timestamp="2023-04-17T20:02:20 IST">
  <testcase classname="com.big.TestRunners.KarateRunner" name="testParallel on testParallel(com.big.TestRunners.KarateRunner)" time="19.239">
    <failure type="java.lang.AssertionError" message="no step-definition method match found for: def Baseurl =&amp;apos;&amp;apos;
classpath:com/big/features/APIfeatures/FIS-API/FIS-API.feature:3
no step-definition method match found for: def Baseurl =&amp;apos;&amp;apos;
classpath:com/big/features/APIfeatures/FIS-API/FIS-API.feature:3
no step-definition method match found for: def Baseurl =&amp;apos;&amp;apos;
classpath:com/big/features/APIfeatures/FIS-API/FIS-API.feature:3
no step-definition method match found for: def Baseurl =&amp;apos;&amp;apos;
classpath:com/big/features/APIfeatures/FIS-API/FIS-API.feature:3
no step-definition method match found for: def Baseurl =&amp;apos;&amp;apos;
classpath:com/big/features/APIfeatures/FIS-API/FIS-API.feature:3
no step-definition method match found for: def Baseurl =&amp;apos;&amp;apos;
classpath:com/big/features/APIfeatures/FIS-API/FIS-API.feature:3
no step-definition method match found for: def Baseurl =&amp;apos;&amp;apos;
classpath:com/big/features/APIfeatures/FIS-API/FIS-API.feature:3
no step-definition method match found for: def Baseurl =&amp;apos;&amp;apos;
classpath:com/big/features/APIfeatures/FIS-API/FIS-API.feature:3
no step-definition method match found for: def Baseurl =&amp;apos;&amp;apos;
classpath:com/big/features/APIfeatures/FIS-API/FIS-API.feature:3
no step-definition method match found for: def Baseurl =&amp;apos;&amp;apos;
classpath:com/big/features/APIfeatures/FIS-API/FIS-API.feature:3
no step-definition method match found for: def Baseurl =&amp;apos;&amp;apos;
classpath:com/big/features/APIfeatures/FIS-API/FIS-API.feature:3
js failed:
&amp;gt;&amp;gt;&amp;gt;&amp;gt;
01: read(../Village Branch Service XAPI/Village_Branch_XAPI.feature)
&amp;lt;&amp;lt;&amp;lt;&amp;lt;
org.graalvm.polyglot.PolyglotException: SyntaxError: Unnamed:1:5 Expected an operand but found .
read(../Village Branch Service XAPI/Village_Branch_XAPI.feature)
     ^

- org.graalvm.polyglot.Context.eval(Context.java:425)
- com.intuit.karate.graal.JsEngine.evalForValue(JsEngine.java:141)
- com.intuit.karate.graal.JsEngine.eval(JsEngine.java:137)
- com.intuit.karate.core.ScenarioEngine.evalJs(ScenarioEngine.java:1344)
- com.intuit.karate.core.ScenarioEngine.evalKarateExpression(ScenarioEngine.java:2373)
- com.intuit.karate.core.ScenarioEngine.evalKarateExpression(ScenarioEngine.java:2292)
- com.intuit.karate.core.ScenarioEngine.call(ScenarioEngine.java:2056)

classpath:com/big/features/APIfeatures/SCU/FISSSO-XAPI/Read_Token_Read_Card.feature:8
js failed:
&amp;gt;&amp;gt;&amp;gt;&amp;gt;
01: Baseurl +&amp;apos;/api/bat/member/&amp;apos;
&amp;lt;&amp;lt;&amp;lt;&amp;lt;
org.graalvm.polyglot.PolyglotException: ReferenceError: &amp;quot;Baseurl&amp;quot; is not defined
- &amp;lt;js&amp;gt;.:program(Unnamed:1)

classpath:com/big/features/APIfeatures/SCU/CC-XAPI/CC_XAPI.feature:6
js failed:
&amp;gt;&amp;gt;&amp;gt;&amp;gt;
01: Baseurl +&amp;apos;/healthcheck&amp;apos;
&amp;lt;&amp;lt;&amp;lt;&amp;lt;
org.graalvm.polyglot.PolyglotException: ReferenceError: &amp;quot;Baseurl&amp;quot; is not defined
- &amp;lt;js&amp;gt;.:program(Unnamed:1)

classpath:com/big/features/APIfeatures/SCU/CC-XAPI/CC_XAPI.feature:12
js failed:
&amp;gt;&amp;gt;&amp;gt;&amp;gt;
01: Baseurl &amp;apos;/api/bat/member/&amp;apos;
&amp;lt;&amp;lt;&amp;lt;&amp;lt;
org.graalvm.polyglot.PolyglotException: SyntaxError: Unnamed:1:9 Expected ; but found /api/bat/member/
Baseurl &amp;apos;/api/bat/member/&amp;apos;
         ^

- org.graalvm.polyglot.Context.eval(Context.java:425)
- com.intuit.karate.graal.JsEngine.evalForValue(JsEngine.java:141)
- com.intuit.karate.graal.JsEngine.eval(JsEngine.java:137)
- com.intuit.karate.core.ScenarioEngine.evalJs(ScenarioEngine.java:1344)
- com.intuit.karate.core.ScenarioEngine.evalKarateExpression(ScenarioEngine.java:2373)
- com.intuit.karate.core.ScenarioEngine.evalKarateExpression(ScenarioEngine.java:2292)
- com.intuit.karate.core.ScenarioEngine.url(ScenarioEngine.java:365)

classpath:com/big/features/APIfeatures/SCU/CC-XAPI/CC_XAPI.feature:18
js failed:
&amp;gt;&amp;gt;&amp;gt;&amp;gt;
01: Baseurl + &amp;apos;/healthcheck&amp;apos;
&amp;lt;&amp;lt;&amp;lt;&amp;lt;
org.graalvm.polyglot.PolyglotException: ReferenceError: &amp;quot;Baseurl&amp;quot; is not defined
- &amp;lt;js&amp;gt;.:program(Unnamed:1)

classpath:com/big/features/APIfeatures/SCU/CC-XAPI/CC_XAPI.feature:24
js failed:
&amp;gt;&amp;gt;&amp;gt;&amp;gt;
01: Baseurl &amp;apos;/api/bat/member/&amp;apos;
&amp;lt;&amp;lt;&amp;lt;&amp;lt;
org.graalvm.polyglot.PolyglotException: SyntaxError: Unnamed:1:9 Expected ; but found /api/bat/member/
Baseurl &amp;apos;/api/bat/member/&amp;apos;
         ^

- org.graalvm.polyglot.Context.eval(Context.java:425)
- com.intuit.karate.graal.JsEngine.evalForValue(JsEngine.java:141)
- com.intuit.karate.graal.JsEngine.eval(JsEngine.java:137)
- com.intuit.karate.core.ScenarioEngine.evalJs(ScenarioEngine.java:1344)
- com.intuit.karate.core.ScenarioEngine.evalKarateExpression(ScenarioEngine.java:2373)
- com.intuit.karate.core.ScenarioEngine.evalKarateExpression(ScenarioEngine.java:2292)
- com.intuit.karate.core.ScenarioEngine.url(ScenarioEngine.java:365)

classpath:com/big/features/APIfeatures/SCU/CC-XAPI/CC_XAPI.feature:30
js failed:
&amp;gt;&amp;gt;&amp;gt;&amp;gt;
01: Baseurl + &amp;apos;/healthcheck&amp;apos;
&amp;lt;&amp;lt;&amp;lt;&amp;lt;
org.graalvm.polyglot.PolyglotException: ReferenceError: &amp;quot;Baseurl&amp;quot; is not defined
- &amp;lt;js&amp;gt;.:program(Unnamed:1)

classpath:com/big/features/APIfeatures/SCU/CC-XAPI/CC_XAPI.feature:36
js failed:
&amp;gt;&amp;gt;&amp;gt;&amp;gt;
01: BaseUrl
&amp;lt;&amp;lt;&amp;lt;&amp;lt;
org.graalvm.polyglot.PolyglotException: ReferenceError: &amp;quot;BaseUrl&amp;quot; is not defined
- &amp;lt;js&amp;gt;.:program(Unnamed:1)

classpath:com/big/features/APIfeatures/SCU/CC-XAPI/CC_XAPI.feature:43
js failed:
&amp;gt;&amp;gt;&amp;gt;&amp;gt;
01: Baseurl &amp;apos;core-api/secure/iso20022/account&amp;apos;
&amp;lt;&amp;lt;&amp;lt;&amp;lt;
org.graalvm.polyglot.PolyglotException: SyntaxError: Unnamed:1:9 Expected ; but found core-api/secure/iso20022/account
Baseurl &amp;apos;core-api/secure/iso20022/account&amp;apos;
         ^

- org.graalvm.polyglot.Context.eval(Context.java:425)
- com.intuit.karate.graal.JsEngine.evalForValue(JsEngine.java:141)
- com.intuit.karate.graal.JsEngine.eval(JsEngine.java:137)
- com.intuit.karate.core.ScenarioEngine.evalJs(ScenarioEngine.java:1344)
- com.intuit.karate.core.ScenarioEngine.evalKarateExpression(ScenarioEngine.java:2373)
- com.intuit.karate.core.ScenarioEngine.evalKarateExpression(ScenarioEngine.java:2292)
- com.intuit.karate.core.ScenarioEngine.url(ScenarioEngine.java:365)

classpath:com/big/features/APIfeatures/SCU/Core ISO XAPI/Core_ISO_XAPI.feature:6
js failed:
&amp;gt;&amp;gt;&amp;gt;&amp;gt;
01: Baseurl + &amp;apos;/healthcheck&amp;apos;
&amp;lt;&amp;lt;&amp;lt;&amp;lt;
org.graalvm.polyglot.PolyglotException: ReferenceError: &amp;quot;Baseurl&amp;quot; is not defined
- &amp;lt;js&amp;gt;.:program(Unnamed:1)

classpath:com/big/features/APIfeatures/SCU/Core ISO XAPI/Core_ISO_XAPI.feature:12
js failed:
&amp;gt;&amp;gt;&amp;gt;&amp;gt;
01: Baseurl &amp;apos;/api/bat/member/&amp;apos;
&amp;lt;&amp;lt;&amp;lt;&amp;lt;
org.graalvm.polyglot.PolyglotException: SyntaxError: Unnamed:1:9 Expected ; but found /api/bat/member/
Baseurl &amp;apos;/api/bat/member/&amp;apos;
         ^

- org.graalvm.polyglot.Context.eval(Context.java:425)
- com.intuit.karate.graal.JsEngine.evalForValue(JsEngine.java:141)
- com.intuit.karate.graal.JsEngine.eval(JsEngine.java:137)
- com.intuit.karate.core.ScenarioEngine.evalJs(ScenarioEngine.java:1344)
- com.intuit.karate.core.ScenarioEngine.evalKarateExpression(ScenarioEngine.java:2373)
- com.intuit.karate.core.ScenarioEngine.evalKarateExpression(ScenarioEngine.java:2292)
- com.intuit.karate.core.ScenarioEngine.url(ScenarioEngine.java:365)

classpath:com/big/features/APIfeatures/SCU/Core ISO XAPI/Core_ISO_XAPI.feature:18
js failed:
&amp;gt;&amp;gt;&amp;gt;&amp;gt;
01: Baseurl + &amp;apos;/healthcheck&amp;apos;
&amp;lt;&amp;lt;&amp;lt;&amp;lt;
org.graalvm.polyglot.PolyglotException: ReferenceError: &amp;quot;Baseurl&amp;quot; is not defined
- &amp;lt;js&amp;gt;.:program(Unnamed:1)

classpath:com/big/features/APIfeatures/SCU/Core ISO XAPI/Core_ISO_XAPI.feature:24
js failed:
&amp;gt;&amp;gt;&amp;gt;&amp;gt;
01: Baseurl &amp;apos;/api/bat/member/&amp;apos;
&amp;lt;&amp;lt;&amp;lt;&amp;lt;
org.graalvm.polyglot.PolyglotException: SyntaxError: Unnamed:1:9 Expected ; but found /api/bat/member/
Baseurl &amp;apos;/api/bat/member/&amp;apos;
         ^

- org.graalvm.polyglot.Context.eval(Context.java:425)
- com.intuit.karate.graal.JsEngine.evalForValue(JsEngine.java:141)
- com.intuit.karate.graal.JsEngine.eval(JsEngine.java:137)
- com.intuit.karate.core.ScenarioEngine.evalJs(ScenarioEngine.java:1344)
- com.intuit.karate.core.ScenarioEngine.evalKarateExpression(ScenarioEngine.java:2373)
- com.intuit.karate.core.ScenarioEngine.evalKarateExpression(ScenarioEngine.java:2292)
- com.intuit.karate.core.ScenarioEngine.url(ScenarioEngine.java:365)

classpath:com/big/features/APIfeatures/SCU/Core ISO XAPI/Core_ISO_XAPI.feature:30
js failed:
&amp;gt;&amp;gt;&amp;gt;&amp;gt;
01: Baseurl + &amp;apos;/healthcheck&amp;apos;
&amp;lt;&amp;lt;&amp;lt;&amp;lt;
org.graalvm.polyglot.PolyglotException: ReferenceError: &amp;quot;Baseurl&amp;quot; is not defined
- &amp;lt;js&amp;gt;.:program(Unnamed:1)

classpath:com/big/features/APIfeatures/SCU/Core ISO XAPI/Core_ISO_XAPI.feature:36
js failed:
&amp;gt;&amp;gt;&amp;gt;&amp;gt;
01: BaseUrl
&amp;lt;&amp;lt;&amp;lt;&amp;lt;
org.graalvm.polyglot.PolyglotException: ReferenceError: &amp;quot;BaseUrl&amp;quot; is not defined
- &amp;lt;js&amp;gt;.:program(Unnamed:1)

classpath:com/big/features/APIfeatures/SCU/Core ISO XAPI/Core_ISO_XAPI.feature:43
no step-definition method match found for: I am on Login page
classpath:com/big/features/APIfeatures/SCU/GoogleTest.feature:10
no step-definition method match found for: I am on google page
classpath:com/big/features/APIfeatures/SCU/GoogleTest.feature:16
no step-definition method match found for: I am on google page
classpath:com/big/features/APIfeatures/SCU/GoogleTest.feature:16
no step-definition method match found for: def Baseurl =&amp;apos;https://bat-xapi.ca-c1.cloudhub.io/api/v1&amp;apos;
classpath:com/big/features/APIfeatures/BAT-API/Submission.feature:3
no step-definition method match found for: def Baseurl =&amp;apos;https://bat-xapi.ca-c1.cloudhub.io/api/v1&amp;apos;
classpath:com/big/features/APIfeatures/BAT-API/Submission.feature:3
no step-definition method match found for: def Baseurl =&amp;apos;https://bat-xapi.ca-c1.cloudhub.io/api/v1&amp;apos;
classpath:com/big/features/APIfeatures/BAT-API/Submission.feature:3
no step-definition method match found for: def Baseurl =&amp;apos;https://bat-xapi.ca-c1.cloudhub.io/api/v1&amp;apos;
classpath:com/big/features/APIfeatures/BAT-API/Submission.feature:3
no step-definition method match found for: I am on Google home Page
classpath:com/big/features/APIfeatures/SCU/DataTable.feature:7
js failed:
&amp;gt;&amp;gt;&amp;gt;&amp;gt;
01: Baseurl &amp;apos;/api/bat/member/&amp;apos;
&amp;lt;&amp;lt;&amp;lt;&amp;lt;
org.graalvm.polyglot.PolyglotException: SyntaxError: Unnamed:1:9 Expected ; but found /api/bat/member/
Baseurl &amp;apos;/api/bat/member/&amp;apos;
         ^

- org.graalvm.polyglot.Context.eval(Context.java:425)
- com.intuit.karate.graal.JsEngine.evalForValue(JsEngine.java:141)
- com.intuit.karate.graal.JsEngine.eval(JsEngine.java:137)
- com.intuit.karate.core.ScenarioEngine.evalJs(ScenarioEngine.java:1344)
- com.intuit.karate.core.ScenarioEngine.evalKarateExpression(ScenarioEngine.java:2373)
- com.intuit.karate.core.ScenarioEngine.evalKarateExpression(ScenarioEngine.java:2292)
- com.intuit.karate.core.ScenarioEngine.url(ScenarioEngine.java:365)

classpath:com/big/features/APIfeatures/SCU/TOKEN -XAPI/Token.feature:6
js failed:
&amp;gt;&amp;gt;&amp;gt;&amp;gt;
01: Baseurl + &amp;apos;/healthcheck&amp;apos;
&amp;lt;&amp;lt;&amp;lt;&amp;lt;
org.graalvm.polyglot.PolyglotException: ReferenceError: &amp;quot;Baseurl&amp;quot; is not defined
- &amp;lt;js&amp;gt;.:program(Unnamed:1)

classpath:com/big/features/APIfeatures/SCU/TOKEN -XAPI/Token.feature:12
js failed:
&amp;gt;&amp;gt;&amp;gt;&amp;gt;
01: BaseUrl
&amp;lt;&amp;lt;&amp;lt;&amp;lt;
org.graalvm.polyglot.PolyglotException: ReferenceError: &amp;quot;BaseUrl&amp;quot; is not defined
- &amp;lt;js&amp;gt;.:program(Unnamed:1)

classpath:com/big/features/APIfeatures/SCU/TOKEN -XAPI/Token.feature:19
no step-definition method match found for: def Baseurl =&amp;apos;http://credit-card-xapi.ca-c1.cloudhub.io/api/v1&amp;apos;
classpath:com/big/features/APIfeatures/CC-API/Read_Accounts.feature:3
no step-definition method match found for: def Baseurl =&amp;apos;http://credit-card-xapi.ca-c1.cloudhub.io/api/v1&amp;apos;
classpath:com/big/features/APIfeatures/CC-API/Read_Accounts.feature:3
no step-definition method match found for: def Baseurl =&amp;apos;http://credit-card-xapi.ca-c1.cloudhub.io/api/v1&amp;apos;
classpath:com/big/features/APIfeatures/CC-API/Read_Accounts.feature:3
no step-definition method match found for: def Baseurl =&amp;apos;http://credit-card-xapi.ca-c1.cloudhub.io/api/v1&amp;apos;
classpath:com/big/features/APIfeatures/CC-API/Read_Accounts.feature:3
no step-definition method match found for: def Baseurl =&amp;apos;http://credit-card-xapi.ca-c1.cloudhub.io/api/v1&amp;apos;
classpath:com/big/features/APIfeatures/CC-API/Read_Accounts.feature:3
no step-definition method match found for: def Baseurl =&amp;apos;&amp;apos;
classpath:com/big/features/APIfeatures/SCU/FIS-SAPI/FIS-SAPI.feature:3
no step-definition method match found for: def Baseurl =&amp;apos;&amp;apos;
classpath:com/big/features/APIfeatures/SCU/FIS-SAPI/FIS-SAPI.feature:3
no step-definition method match found for: def Baseurl =&amp;apos;&amp;apos;
classpath:com/big/features/APIfeatures/SCU/FIS-SAPI/FIS-SAPI.feature:3
js failed:
&amp;gt;&amp;gt;&amp;gt;&amp;gt;
01: Baseurl &amp;apos;/api/bat/member/&amp;apos;
&amp;lt;&amp;lt;&amp;lt;&amp;lt;
org.graalvm.polyglot.PolyglotException: SyntaxError: Unnamed:1:9 Expected ; but found /api/bat/member/
Baseurl &amp;apos;/api/bat/member/&amp;apos;
         ^

- org.graalvm.polyglot.Context.eval(Context.java:425)
- com.intuit.karate.graal.JsEngine.evalForValue(JsEngine.java:141)
- com.intuit.karate.graal.JsEngine.eval(JsEngine.java:137)
- com.intuit.karate.core.ScenarioEngine.evalJs(ScenarioEngine.java:1344)
- com.intuit.karate.core.ScenarioEngine.evalKarateExpression(ScenarioEngine.java:2373)
- com.intuit.karate.core.ScenarioEngine.evalKarateExpression(ScenarioEngine.java:2292)
- com.intuit.karate.core.ScenarioEngine.url(ScenarioEngine.java:365)

classpath:com/big/features/APIfeatures/SCU/TOKEN -SAPI/TokenSAPI.feature:6
no step-definition method match found for: match responseStatus 200
classpath:com/big/features/APIfeatures/SCU/Village Branch Service XAPI/Village_Branch_XAPI.feature:8
match failed: EACH_EQUALS
  $ | match each failed at index 7 (LIST:STRING)
  [&amp;quot;Red Deer&amp;quot;,&amp;quot;Red Deer&amp;quot;,&amp;quot;Red Deer&amp;quot;,&amp;quot;Red Deer&amp;quot;,&amp;quot;Red Deer&amp;quot;,&amp;quot;Red Deer&amp;quot;,&amp;quot;Red Deer&amp;quot;,&amp;quot;Redcliff&amp;quot;,&amp;quot;Red Deer&amp;quot;,&amp;quot;Red Deer&amp;quot;,&amp;quot;Red Deer&amp;quot;,&amp;quot;Red Deer&amp;quot;,&amp;quot;Red Deer&amp;quot;,&amp;quot;Red Deer&amp;quot;]
  &amp;apos;Red Deer&amp;apos;

    $[7] | not equal (STRING:STRING)
    &amp;apos;Redcliff&amp;apos;
    &amp;apos;Red Deer&amp;apos;

classpath:com/big/features/APIfeatures/SCU/Village Branch Service XAPI/Village_Branch_XAPI.feature:37 expected [48] but found [0]">
      <![CDATA[java.lang.AssertionError: no step-definition method match found for: def Baseurl =''
classpath:com/big/features/APIfeatures/FIS-API/FIS-API.feature:3
no step-definition method match found for: def Baseurl =''
classpath:com/big/features/APIfeatures/FIS-API/FIS-API.feature:3
no step-definition method match found for: def Baseurl =''
classpath:com/big/features/APIfeatures/FIS-API/FIS-API.feature:3
no step-definition method match found for: def Baseurl =''
classpath:com/big/features/APIfeatures/FIS-API/FIS-API.feature:3
no step-definition method match found for: def Baseurl =''
classpath:com/big/features/APIfeatures/FIS-API/FIS-API.feature:3
no step-definition method match found for: def Baseurl =''
classpath:com/big/features/APIfeatures/FIS-API/FIS-API.feature:3
no step-definition method match found for: def Baseurl =''
classpath:com/big/features/APIfeatures/FIS-API/FIS-API.feature:3
no step-definition method match found for: def Baseurl =''
classpath:com/big/features/APIfeatures/FIS-API/FIS-API.feature:3
no step-definition method match found for: def Baseurl =''
classpath:com/big/features/APIfeatures/FIS-API/FIS-API.feature:3
no step-definition method match found for: def Baseurl =''
classpath:com/big/features/APIfeatures/FIS-API/FIS-API.feature:3
no step-definition method match found for: def Baseurl =''
classpath:com/big/features/APIfeatures/FIS-API/FIS-API.feature:3
js failed:
>>>>
01: read(../Village Branch Service XAPI/Village_Branch_XAPI.feature)
<<<<
org.graalvm.polyglot.PolyglotException: SyntaxError: Unnamed:1:5 Expected an operand but found .
read(../Village Branch Service XAPI/Village_Branch_XAPI.feature)
     ^

- org.graalvm.polyglot.Context.eval(Context.java:425)
- com.intuit.karate.graal.JsEngine.evalForValue(JsEngine.java:141)
- com.intuit.karate.graal.JsEngine.eval(JsEngine.java:137)
- com.intuit.karate.core.ScenarioEngine.evalJs(ScenarioEngine.java:1344)
- com.intuit.karate.core.ScenarioEngine.evalKarateExpression(ScenarioEngine.java:2373)
- com.intuit.karate.core.ScenarioEngine.evalKarateExpression(ScenarioEngine.java:2292)
- com.intuit.karate.core.ScenarioEngine.call(ScenarioEngine.java:2056)

classpath:com/big/features/APIfeatures/SCU/FISSSO-XAPI/Read_Token_Read_Card.feature:8
js failed:
>>>>
01: Baseurl +'/api/bat/member/'
<<<<
org.graalvm.polyglot.PolyglotException: ReferenceError: "Baseurl" is not defined
- <js>.:program(Unnamed:1)

classpath:com/big/features/APIfeatures/SCU/CC-XAPI/CC_XAPI.feature:6
js failed:
>>>>
01: Baseurl +'/healthcheck'
<<<<
org.graalvm.polyglot.PolyglotException: ReferenceError: "Baseurl" is not defined
- <js>.:program(Unnamed:1)

classpath:com/big/features/APIfeatures/SCU/CC-XAPI/CC_XAPI.feature:12
js failed:
>>>>
01: Baseurl '/api/bat/member/'
<<<<
org.graalvm.polyglot.PolyglotException: SyntaxError: Unnamed:1:9 Expected ; but found /api/bat/member/
Baseurl '/api/bat/member/'
         ^

- org.graalvm.polyglot.Context.eval(Context.java:425)
- com.intuit.karate.graal.JsEngine.evalForValue(JsEngine.java:141)
- com.intuit.karate.graal.JsEngine.eval(JsEngine.java:137)
- com.intuit.karate.core.ScenarioEngine.evalJs(ScenarioEngine.java:1344)
- com.intuit.karate.core.ScenarioEngine.evalKarateExpression(ScenarioEngine.java:2373)
- com.intuit.karate.core.ScenarioEngine.evalKarateExpression(ScenarioEngine.java:2292)
- com.intuit.karate.core.ScenarioEngine.url(ScenarioEngine.java:365)

classpath:com/big/features/APIfeatures/SCU/CC-XAPI/CC_XAPI.feature:18
js failed:
>>>>
01: Baseurl + '/healthcheck'
<<<<
org.graalvm.polyglot.PolyglotException: ReferenceError: "Baseurl" is not defined
- <js>.:program(Unnamed:1)

classpath:com/big/features/APIfeatures/SCU/CC-XAPI/CC_XAPI.feature:24
js failed:
>>>>
01: Baseurl '/api/bat/member/'
<<<<
org.graalvm.polyglot.PolyglotException: SyntaxError: Unnamed:1:9 Expected ; but found /api/bat/member/
Baseurl '/api/bat/member/'
         ^

- org.graalvm.polyglot.Context.eval(Context.java:425)
- com.intuit.karate.graal.JsEngine.evalForValue(JsEngine.java:141)
- com.intuit.karate.graal.JsEngine.eval(JsEngine.java:137)
- com.intuit.karate.core.ScenarioEngine.evalJs(ScenarioEngine.java:1344)
- com.intuit.karate.core.ScenarioEngine.evalKarateExpression(ScenarioEngine.java:2373)
- com.intuit.karate.core.ScenarioEngine.evalKarateExpression(ScenarioEngine.java:2292)
- com.intuit.karate.core.ScenarioEngine.url(ScenarioEngine.java:365)

classpath:com/big/features/APIfeatures/SCU/CC-XAPI/CC_XAPI.feature:30
js failed:
>>>>
01: Baseurl + '/healthcheck'
<<<<
org.graalvm.polyglot.PolyglotException: ReferenceError: "Baseurl" is not defined
- <js>.:program(Unnamed:1)

classpath:com/big/features/APIfeatures/SCU/CC-XAPI/CC_XAPI.feature:36
js failed:
>>>>
01: BaseUrl
<<<<
org.graalvm.polyglot.PolyglotException: ReferenceError: "BaseUrl" is not defined
- <js>.:program(Unnamed:1)

classpath:com/big/features/APIfeatures/SCU/CC-XAPI/CC_XAPI.feature:43
js failed:
>>>>
01: Baseurl 'core-api/secure/iso20022/account'
<<<<
org.graalvm.polyglot.PolyglotException: SyntaxError: Unnamed:1:9 Expected ; but found core-api/secure/iso20022/account
Baseurl 'core-api/secure/iso20022/account'
         ^

- org.graalvm.polyglot.Context.eval(Context.java:425)
- com.intuit.karate.graal.JsEngine.evalForValue(JsEngine.java:141)
- com.intuit.karate.graal.JsEngine.eval(JsEngine.java:137)
- com.intuit.karate.core.ScenarioEngine.evalJs(ScenarioEngine.java:1344)
- com.intuit.karate.core.ScenarioEngine.evalKarateExpression(ScenarioEngine.java:2373)
- com.intuit.karate.core.ScenarioEngine.evalKarateExpression(ScenarioEngine.java:2292)
- com.intuit.karate.core.ScenarioEngine.url(ScenarioEngine.java:365)

classpath:com/big/features/APIfeatures/SCU/Core ISO XAPI/Core_ISO_XAPI.feature:6
js failed:
>>>>
01: Baseurl + '/healthcheck'
<<<<
org.graalvm.polyglot.PolyglotException: ReferenceError: "Baseurl" is not defined
- <js>.:program(Unnamed:1)

classpath:com/big/features/APIfeatures/SCU/Core ISO XAPI/Core_ISO_XAPI.feature:12
js failed:
>>>>
01: Baseurl '/api/bat/member/'
<<<<
org.graalvm.polyglot.PolyglotException: SyntaxError: Unnamed:1:9 Expected ; but found /api/bat/member/
Baseurl '/api/bat/member/'
         ^

- org.graalvm.polyglot.Context.eval(Context.java:425)
- com.intuit.karate.graal.JsEngine.evalForValue(JsEngine.java:141)
- com.intuit.karate.graal.JsEngine.eval(JsEngine.java:137)
- com.intuit.karate.core.ScenarioEngine.evalJs(ScenarioEngine.java:1344)
- com.intuit.karate.core.ScenarioEngine.evalKarateExpression(ScenarioEngine.java:2373)
- com.intuit.karate.core.ScenarioEngine.evalKarateExpression(ScenarioEngine.java:2292)
- com.intuit.karate.core.ScenarioEngine.url(ScenarioEngine.java:365)

classpath:com/big/features/APIfeatures/SCU/Core ISO XAPI/Core_ISO_XAPI.feature:18
js failed:
>>>>
01: Baseurl + '/healthcheck'
<<<<
org.graalvm.polyglot.PolyglotException: ReferenceError: "Baseurl" is not defined
- <js>.:program(Unnamed:1)

classpath:com/big/features/APIfeatures/SCU/Core ISO XAPI/Core_ISO_XAPI.feature:24
js failed:
>>>>
01: Baseurl '/api/bat/member/'
<<<<
org.graalvm.polyglot.PolyglotException: SyntaxError: Unnamed:1:9 Expected ; but found /api/bat/member/
Baseurl '/api/bat/member/'
         ^

- org.graalvm.polyglot.Context.eval(Context.java:425)
- com.intuit.karate.graal.JsEngine.evalForValue(JsEngine.java:141)
- com.intuit.karate.graal.JsEngine.eval(JsEngine.java:137)
- com.intuit.karate.core.ScenarioEngine.evalJs(ScenarioEngine.java:1344)
- com.intuit.karate.core.ScenarioEngine.evalKarateExpression(ScenarioEngine.java:2373)
- com.intuit.karate.core.ScenarioEngine.evalKarateExpression(ScenarioEngine.java:2292)
- com.intuit.karate.core.ScenarioEngine.url(ScenarioEngine.java:365)

classpath:com/big/features/APIfeatures/SCU/Core ISO XAPI/Core_ISO_XAPI.feature:30
js failed:
>>>>
01: Baseurl + '/healthcheck'
<<<<
org.graalvm.polyglot.PolyglotException: ReferenceError: "Baseurl" is not defined
- <js>.:program(Unnamed:1)

classpath:com/big/features/APIfeatures/SCU/Core ISO XAPI/Core_ISO_XAPI.feature:36
js failed:
>>>>
01: BaseUrl
<<<<
org.graalvm.polyglot.PolyglotException: ReferenceError: "BaseUrl" is not defined
- <js>.:program(Unnamed:1)

classpath:com/big/features/APIfeatures/SCU/Core ISO XAPI/Core_ISO_XAPI.feature:43
no step-definition method match found for: I am on Login page
classpath:com/big/features/APIfeatures/SCU/GoogleTest.feature:10
no step-definition method match found for: I am on google page
classpath:com/big/features/APIfeatures/SCU/GoogleTest.feature:16
no step-definition method match found for: I am on google page
classpath:com/big/features/APIfeatures/SCU/GoogleTest.feature:16
no step-definition method match found for: def Baseurl ='https://bat-xapi.ca-c1.cloudhub.io/api/v1'
classpath:com/big/features/APIfeatures/BAT-API/Submission.feature:3
no step-definition method match found for: def Baseurl ='https://bat-xapi.ca-c1.cloudhub.io/api/v1'
classpath:com/big/features/APIfeatures/BAT-API/Submission.feature:3
no step-definition method match found for: def Baseurl ='https://bat-xapi.ca-c1.cloudhub.io/api/v1'
classpath:com/big/features/APIfeatures/BAT-API/Submission.feature:3
no step-definition method match found for: def Baseurl ='https://bat-xapi.ca-c1.cloudhub.io/api/v1'
classpath:com/big/features/APIfeatures/BAT-API/Submission.feature:3
no step-definition method match found for: I am on Google home Page
classpath:com/big/features/APIfeatures/SCU/DataTable.feature:7
js failed:
>>>>
01: Baseurl '/api/bat/member/'
<<<<
org.graalvm.polyglot.PolyglotException: SyntaxError: Unnamed:1:9 Expected ; but found /api/bat/member/
Baseurl '/api/bat/member/'
         ^

- org.graalvm.polyglot.Context.eval(Context.java:425)
- com.intuit.karate.graal.JsEngine.evalForValue(JsEngine.java:141)
- com.intuit.karate.graal.JsEngine.eval(JsEngine.java:137)
- com.intuit.karate.core.ScenarioEngine.evalJs(ScenarioEngine.java:1344)
- com.intuit.karate.core.ScenarioEngine.evalKarateExpression(ScenarioEngine.java:2373)
- com.intuit.karate.core.ScenarioEngine.evalKarateExpression(ScenarioEngine.java:2292)
- com.intuit.karate.core.ScenarioEngine.url(ScenarioEngine.java:365)

classpath:com/big/features/APIfeatures/SCU/TOKEN -XAPI/Token.feature:6
js failed:
>>>>
01: Baseurl + '/healthcheck'
<<<<
org.graalvm.polyglot.PolyglotException: ReferenceError: "Baseurl" is not defined
- <js>.:program(Unnamed:1)

classpath:com/big/features/APIfeatures/SCU/TOKEN -XAPI/Token.feature:12
js failed:
>>>>
01: BaseUrl
<<<<
org.graalvm.polyglot.PolyglotException: ReferenceError: "BaseUrl" is not defined
- <js>.:program(Unnamed:1)

classpath:com/big/features/APIfeatures/SCU/TOKEN -XAPI/Token.feature:19
no step-definition method match found for: def Baseurl ='http://credit-card-xapi.ca-c1.cloudhub.io/api/v1'
classpath:com/big/features/APIfeatures/CC-API/Read_Accounts.feature:3
no step-definition method match found for: def Baseurl ='http://credit-card-xapi.ca-c1.cloudhub.io/api/v1'
classpath:com/big/features/APIfeatures/CC-API/Read_Accounts.feature:3
no step-definition method match found for: def Baseurl ='http://credit-card-xapi.ca-c1.cloudhub.io/api/v1'
classpath:com/big/features/APIfeatures/CC-API/Read_Accounts.feature:3
no step-definition method match found for: def Baseurl ='http://credit-card-xapi.ca-c1.cloudhub.io/api/v1'
classpath:com/big/features/APIfeatures/CC-API/Read_Accounts.feature:3
no step-definition method match found for: def Baseurl ='http://credit-card-xapi.ca-c1.cloudhub.io/api/v1'
classpath:com/big/features/APIfeatures/CC-API/Read_Accounts.feature:3
no step-definition method match found for: def Baseurl =''
classpath:com/big/features/APIfeatures/SCU/FIS-SAPI/FIS-SAPI.feature:3
no step-definition method match found for: def Baseurl =''
classpath:com/big/features/APIfeatures/SCU/FIS-SAPI/FIS-SAPI.feature:3
no step-definition method match found for: def Baseurl =''
classpath:com/big/features/APIfeatures/SCU/FIS-SAPI/FIS-SAPI.feature:3
js failed:
>>>>
01: Baseurl '/api/bat/member/'
<<<<
org.graalvm.polyglot.PolyglotException: SyntaxError: Unnamed:1:9 Expected ; but found /api/bat/member/
Baseurl '/api/bat/member/'
         ^

- org.graalvm.polyglot.Context.eval(Context.java:425)
- com.intuit.karate.graal.JsEngine.evalForValue(JsEngine.java:141)
- com.intuit.karate.graal.JsEngine.eval(JsEngine.java:137)
- com.intuit.karate.core.ScenarioEngine.evalJs(ScenarioEngine.java:1344)
- com.intuit.karate.core.ScenarioEngine.evalKarateExpression(ScenarioEngine.java:2373)
- com.intuit.karate.core.ScenarioEngine.evalKarateExpression(ScenarioEngine.java:2292)
- com.intuit.karate.core.ScenarioEngine.url(ScenarioEngine.java:365)

classpath:com/big/features/APIfeatures/SCU/TOKEN -SAPI/TokenSAPI.feature:6
no step-definition method match found for: match responseStatus 200
classpath:com/big/features/APIfeatures/SCU/Village Branch Service XAPI/Village_Branch_XAPI.feature:8
match failed: EACH_EQUALS
  $ | match each failed at index 7 (LIST:STRING)
  ["Red Deer","Red Deer","Red Deer","Red Deer","Red Deer","Red Deer","Red Deer","Redcliff","Red Deer","Red Deer","Red Deer","Red Deer","Red Deer","Red Deer"]
  'Red Deer'

    $[7] | not equal (STRING:STRING)
    'Redcliff'
    'Red Deer'

classpath:com/big/features/APIfeatures/SCU/Village Branch Service XAPI/Village_Branch_XAPI.feature:37 expected [48] but found [0]
at com.big.TestRunners.KarateRunner.testParallel(KarateRunner.java:21)
at org.junit.runners.model.FrameworkMethod$1.runReflectiveCall(FrameworkMethod.java:59)
at org.junit.internal.runners.model.ReflectiveCallable.run(ReflectiveCallable.java:12)
at org.junit.runners.model.FrameworkMethod.invokeExplosively(FrameworkMethod.java:56)
at org.junit.internal.runners.statements.InvokeMethod.evaluate(InvokeMethod.java:17)
at org.junit.runners.ParentRunner$3.evaluate(ParentRunner.java:306)
at org.junit.runners.BlockJUnit4ClassRunner$1.evaluate(BlockJUnit4ClassRunner.java:100)
at org.junit.runners.ParentRunner.runLeaf(ParentRunner.java:366)
at org.junit.runners.BlockJUnit4ClassRunner.runChild(BlockJUnit4ClassRunner.java:103)
at org.junit.runners.BlockJUnit4ClassRunner.runChild(BlockJUnit4ClassRunner.java:63)
at org.junit.runners.ParentRunner$4.run(ParentRunner.java:331)
at org.junit.runners.ParentRunner$1.schedule(ParentRunner.java:79)
at org.junit.runners.ParentRunner.runChildren(ParentRunner.java:329)
at org.junit.runners.ParentRunner.access$100(ParentRunner.java:66)
at org.junit.runners.ParentRunner$2.evaluate(ParentRunner.java:293)
at org.junit.runners.ParentRunner$3.evaluate(ParentRunner.java:306)
at org.junit.runners.ParentRunner.run(ParentRunner.java:413)
at org.junit.runner.JUnitCore.run(JUnitCore.java:137)
at org.junit.runner.JUnitCore.run(JUnitCore.java:115)
at java.base/java.util.ArrayList.forEach(ArrayList.java:1511)
... Removed 31 stack frames]]>
    </failure>
  </testcase> <!-- testParallel on testParallel(com.big.TestRunners.KarateRunner) -->
</testsuite> <!-- Surefire test -->
