<?xml version="1.0" encoding="UTF-8"?>
<!-- Generated by org.testng.reporters.JUnitXMLReporter -->
<testsuite ignored="1" hostname="DESKTOP-NFARTSQ" failures="1" tests="2" name="Surefire test" time="3.691" errors="0" timestamp="2023-04-17T19:58:54 IST">
  <testcase classname="com.big.testNGscripts.TestNGInitiation" name="@AfterMethod closedBrowser" time="0.015">
    <failure type="java.lang.NullPointerException" message="Cannot invoke &amp;quot;com.aventstack.extentreports.ExtentTest.addScreenCaptureFromBase64String(String, String)&amp;quot; because the return value of &amp;quot;com.aventstack.extentreports.service.ExtentTestManager.getTest()&amp;quot; is null">
      <![CDATA[java.lang.NullPointerException: Cannot invoke "com.aventstack.extentreports.ExtentTest.addScreenCaptureFromBase64String(String, String)" because the return value of "com.aventstack.extentreports.service.ExtentTestManager.getTest()" is null
at com.big.testNGscripts.TestNGInitiation.closedBrowser(TestNGInitiation.java:38)
at java.base/java.util.ArrayList.forEach(ArrayList.java:1511)
... Removed 35 stack frames]]>
    </failure>
  </testcase> <!-- @AfterMethod closedBrowser -->
  <testcase classname="com.big.testNGscripts.GoogleSearchTest" name="searchForAPITest" time="0.046">
    <failure type="java.lang.NullPointerException" message="Cannot invoke &amp;quot;org.openqa.selenium.SearchContext.findElement(org.openqa.selenium.By)&amp;quot; because &amp;quot;this.searchContext&amp;quot; is null">
      <![CDATA[java.lang.NullPointerException: Cannot invoke "org.openqa.selenium.SearchContext.findElement(org.openqa.selenium.By)" because "this.searchContext" is null
at org.openqa.selenium.support.pagefactory.DefaultElementLocator.findElement(DefaultElementLocator.java:70)
at org.openqa.selenium.support.pagefactory.internal.LocatingElementHandler.invoke(LocatingElementHandler.java:39)
at jdk.proxy2/jdk.proxy2.$Proxy16.isDisplayed(Unknown Source)
at com.big.utils.TestReusables.verifyElement(TestReusables.java:182)
at com.big.pageObjects.GooglePO.verifyElement(GooglePO.java:37)
at com.big.testNGscripts.GoogleSearchTest.searchForAPITest(GoogleSearchTest.java:20)
at java.base/java.util.ArrayList.forEach(ArrayList.java:1511)
... Removed 30 stack frames]]>
    </failure>
  </testcase> <!-- searchForAPITest -->
  <testcase classname="com.big.testNGscripts.GoogleSearchTest" name="searchForTestingTrends" time="0.0">
    <skipped/>
  </testcase> <!-- searchForTestingTrends -->
  <testcase classname="com.big.testNGscripts.TestNGInitiation" name="@BeforeSuite testInfo" time="0.0">
    <ignored/>
  </testcase> <!-- @BeforeSuite testInfo -->
</testsuite> <!-- Surefire test -->
