<?xml version="1.0" encoding="UTF-8"?>
<!-- Generated by org.testng.reporters.JUnitReportReporter -->
<testsuite hostname="DESKTOP-NFARTSQ" failures="1" tests="1" name="com.big.TestRunners.KarateRunner" time="19.239" errors="0" timestamp="2023-04-17T20:02:20 IST" skipped="0">
  <testcase classname="com.big.TestRunners.KarateRunner" name="testParallel" time="19.239">
    <failure message="no step-definition method match found for: def Baseurl =&#039;&#039;
classpath:com/big/features/APIfeatures/FIS-API/FIS-API.feature:3
no step-definition method match found for: def Baseurl =&#039;&#039;
classpath:com/big/features/APIfeatures/FIS-API/FIS-API.feature:3
no step-definition method match found for: def Baseurl =&#039;&#039;
classpath:com/big/features/APIfeatures/FIS-API/FIS-API.feature:3
no step-definition method match found for: def Baseurl =&#039;&#039;
classpath:com/big/features/APIfeatures/FIS-API/FIS-API.feature:3
no step-definition method match found for: def Baseurl =&#039;&#039;
classpath:com/big/features/APIfeatures/FIS-API/FIS-API.feature:3
no step-definition method match found for: def Baseurl =&#039;&#039;
classpath:com/big/features/APIfeatures/FIS-API/FIS-API.feature:3
no step-definition method match found for: def Baseurl =&#039;&#039;
classpath:com/big/features/APIfeatures/FIS-API/FIS-API.feature:3
no step-definition method match found for: def Baseurl =&#039;&#039;
classpath:com/big/features/APIfeatures/FIS-API/FIS-API.feature:3
no step-definition method match found for: def Baseurl =&#039;&#039;
classpath:com/big/features/APIfeatures/FIS-API/FIS-API.feature:3
no step-definition method match found for: def Baseurl =&#039;&#039;
classpath:com/big/features/APIfeatures/FIS-API/FIS-API.feature:3
no step-definition method match found for: def Baseurl =&#039;&#039;
classpath:com/big/features/APIfeatures/FIS-API/FIS-API.feature:3
js failed:
&gt;&gt;&gt;&gt;
01: read(../Village Branch Service XAPI/Village_Branch_XAPI.feature)
&lt;&lt;&lt;&lt;
org.graalvm.polyglot.PolyglotException: SyntaxError: Unnamed:1:5 Expected an operand but found .
read(../Village Branch Service XAPI/Village_Branch_XAPI.feature)
     ^

- org.graalvm.polyglot.Context.eval(Context.java:425)
- com.intuit.karate.graal.JsEngine.evalForValue(JsEngine.java:141)
- com.intuit.karate.graal.JsEngine.eval(JsEngine.java:137)
- com.intuit.karate.core.ScenarioEngine.evalJs(ScenarioEngine.java:1344)
- com.intuit.karate.core.ScenarioEngine.evalKarateExpression(ScenarioEngine.java:2373)
- com.intuit.karate.core.ScenarioEngine.evalKarateExpression(ScenarioEngine.java:2292)
- com.intuit.karate.core.ScenarioEngine.call(ScenarioEngine.java:2056)

classpath:com/big/features/APIfeatures/SCU/FISSSO-XAPI/Read_Token_Read_Card.feature:8
js failed:
&gt;&gt;&gt;&gt;
01: Baseurl +&#039;/api/bat/member/&#039;
&lt;&lt;&lt;&lt;
org.graalvm.polyglot.PolyglotException: ReferenceError: &quot;Baseurl&quot; is not defined
- &lt;js&gt;.:program(Unnamed:1)

classpath:com/big/features/APIfeatures/SCU/CC-XAPI/CC_XAPI.feature:6
js failed:
&gt;&gt;&gt;&gt;
01: Baseurl +&#039;/healthcheck&#039;
&lt;&lt;&lt;&lt;
org.graalvm.polyglot.PolyglotException: ReferenceError: &quot;Baseurl&quot; is not defined
- &lt;js&gt;.:program(Unnamed:1)

classpath:com/big/features/APIfeatures/SCU/CC-XAPI/CC_XAPI.feature:12
js failed:
&gt;&gt;&gt;&gt;
01: Baseurl &#039;/api/bat/member/&#039;
&lt;&lt;&lt;&lt;
org.graalvm.polyglot.PolyglotException: SyntaxError: Unnamed:1:9 Expected ; but found /api/bat/member/
Baseurl &#039;/api/bat/member/&#039;
         ^

- org.graalvm.polyglot.Context.eval(Context.java:425)
- com.intuit.karate.graal.JsEngine.evalForValue(JsEngine.java:141)
- com.intuit.karate.graal.JsEngine.eval(JsEngine.java:137)
- com.intuit.karate.core.ScenarioEngine.evalJs(ScenarioEngine.java:1344)
- com.intuit.karate.core.ScenarioEngine.evalKarateExpression(ScenarioEngine.java:2373)
- com.intuit.karate.core.ScenarioEngine.evalKarateExpression(ScenarioEngine.java:2292)
- com.intuit.karate.core.ScenarioEngine.url(ScenarioEngine.java:365)

classpath:com/big/features/APIfeatures/SCU/CC-XAPI/CC_XAPI.feature:18
js failed:
&gt;&gt;&gt;&gt;
01: Baseurl + &#039;/healthcheck&#039;
&lt;&lt;&lt;&lt;
org.graalvm.polyglot.PolyglotException: ReferenceError: &quot;Baseurl&quot; is not defined
- &lt;js&gt;.:program(Unnamed:1)

classpath:com/big/features/APIfeatures/SCU/CC-XAPI/CC_XAPI.feature:24
js failed:
&gt;&gt;&gt;&gt;
01: Baseurl &#039;/api/bat/member/&#039;
&lt;&lt;&lt;&lt;
org.graalvm.polyglot.PolyglotException: SyntaxError: Unnamed:1:9 Expected ; but found /api/bat/member/
Baseurl &#039;/api/bat/member/&#039;
         ^

- org.graalvm.polyglot.Context.eval(Context.java:425)
- com.intuit.karate.graal.JsEngine.evalForValue(JsEngine.java:141)
- com.intuit.karate.graal.JsEngine.eval(JsEngine.java:137)
- com.intuit.karate.core.ScenarioEngine.evalJs(ScenarioEngine.java:1344)
- com.intuit.karate.core.ScenarioEngine.evalKarateExpression(ScenarioEngine.java:2373)
- com.intuit.karate.core.ScenarioEngine.evalKarateExpression(ScenarioEngine.java:2292)
- com.intuit.karate.core.ScenarioEngine.url(ScenarioEngine.java:365)

classpath:com/big/features/APIfeatures/SCU/CC-XAPI/CC_XAPI.feature:30
js failed:
&gt;&gt;&gt;&gt;
01: Baseurl + &#039;/healthcheck&#039;
&lt;&lt;&lt;&lt;
org.graalvm.polyglot.PolyglotException: ReferenceError: &quot;Baseurl&quot; is not defined
- &lt;js&gt;.:program(Unnamed:1)

classpath:com/big/features/APIfeatures/SCU/CC-XAPI/CC_XAPI.feature:36
js failed:
&gt;&gt;&gt;&gt;
01: BaseUrl
&lt;&lt;&lt;&lt;
org.graalvm.polyglot.PolyglotException: ReferenceError: &quot;BaseUrl&quot; is not defined
- &lt;js&gt;.:program(Unnamed:1)

classpath:com/big/features/APIfeatures/SCU/CC-XAPI/CC_XAPI.feature:43
js failed:
&gt;&gt;&gt;&gt;
01: Baseurl &#039;core-api/secure/iso20022/account&#039;
&lt;&lt;&lt;&lt;
org.graalvm.polyglot.PolyglotException: SyntaxError: Unnamed:1:9 Expected ; but found core-api/secure/iso20022/account
Baseurl &#039;core-api/secure/iso20022/account&#039;
         ^

- org.graalvm.polyglot.Context.eval(Context.java:425)
- com.intuit.karate.graal.JsEngine.evalForValue(JsEngine.java:141)
- com.intuit.karate.graal.JsEngine.eval(JsEngine.java:137)
- com.intuit.karate.core.ScenarioEngine.evalJs(ScenarioEngine.java:1344)
- com.intuit.karate.core.ScenarioEngine.evalKarateExpression(ScenarioEngine.java:2373)
- com.intuit.karate.core.ScenarioEngine.evalKarateExpression(ScenarioEngine.java:2292)
- com.intuit.karate.core.ScenarioEngine.url(ScenarioEngine.java:365)

classpath:com/big/features/APIfeatures/SCU/Core ISO XAPI/Core_ISO_XAPI.feature:6
js failed:
&gt;&gt;&gt;&gt;
01: Baseurl + &#039;/healthcheck&#039;
&lt;&lt;&lt;&lt;
org.graalvm.polyglot.PolyglotException: ReferenceError: &quot;Baseurl&quot; is not defined
- &lt;js&gt;.:program(Unnamed:1)

classpath:com/big/features/APIfeatures/SCU/Core ISO XAPI/Core_ISO_XAPI.feature:12
js failed:
&gt;&gt;&gt;&gt;
01: Baseurl &#039;/api/bat/member/&#039;
&lt;&lt;&lt;&lt;
org.graalvm.polyglot.PolyglotException: SyntaxError: Unnamed:1:9 Expected ; but found /api/bat/member/
Baseurl &#039;/api/bat/member/&#039;
         ^

- org.graalvm.polyglot.Context.eval(Context.java:425)
- com.intuit.karate.graal.JsEngine.evalForValue(JsEngine.java:141)
- com.intuit.karate.graal.JsEngine.eval(JsEngine.java:137)
- com.intuit.karate.core.ScenarioEngine.evalJs(ScenarioEngine.java:1344)
- com.intuit.karate.core.ScenarioEngine.evalKarateExpression(ScenarioEngine.java:2373)
- com.intuit.karate.core.ScenarioEngine.evalKarateExpression(ScenarioEngine.java:2292)
- com.intuit.karate.core.ScenarioEngine.url(ScenarioEngine.java:365)

classpath:com/big/features/APIfeatures/SCU/Core ISO XAPI/Core_ISO_XAPI.feature:18
js failed:
&gt;&gt;&gt;&gt;
01: Baseurl + &#039;/healthcheck&#039;
&lt;&lt;&lt;&lt;
org.graalvm.polyglot.PolyglotException: ReferenceError: &quot;Baseurl&quot; is not defined
- &lt;js&gt;.:program(Unnamed:1)

classpath:com/big/features/APIfeatures/SCU/Core ISO XAPI/Core_ISO_XAPI.feature:24
js failed:
&gt;&gt;&gt;&gt;
01: Baseurl &#039;/api/bat/member/&#039;
&lt;&lt;&lt;&lt;
org.graalvm.polyglot.PolyglotException: SyntaxError: Unnamed:1:9 Expected ; but found /api/bat/member/
Baseurl &#039;/api/bat/member/&#039;
         ^

- org.graalvm.polyglot.Context.eval(Context.java:425)
- com.intuit.karate.graal.JsEngine.evalForValue(JsEngine.java:141)
- com.intuit.karate.graal.JsEngine.eval(JsEngine.java:137)
- com.intuit.karate.core.ScenarioEngine.evalJs(ScenarioEngine.java:1344)
- com.intuit.karate.core.ScenarioEngine.evalKarateExpression(ScenarioEngine.java:2373)
- com.intuit.karate.core.ScenarioEngine.evalKarateExpression(ScenarioEngine.java:2292)
- com.intuit.karate.core.ScenarioEngine.url(ScenarioEngine.java:365)

classpath:com/big/features/APIfeatures/SCU/Core ISO XAPI/Core_ISO_XAPI.feature:30
js failed:
&gt;&gt;&gt;&gt;
01: Baseurl + &#039;/healthcheck&#039;
&lt;&lt;&lt;&lt;
org.graalvm.polyglot.PolyglotException: ReferenceError: &quot;Baseurl&quot; is not defined
- &lt;js&gt;.:program(Unnamed:1)

classpath:com/big/features/APIfeatures/SCU/Core ISO XAPI/Core_ISO_XAPI.feature:36
js failed:
&gt;&gt;&gt;&gt;
01: BaseUrl
&lt;&lt;&lt;&lt;
org.graalvm.polyglot.PolyglotException: ReferenceError: &quot;BaseUrl&quot; is not defined
- &lt;js&gt;.:program(Unnamed:1)

classpath:com/big/features/APIfeatures/SCU/Core ISO XAPI/Core_ISO_XAPI.feature:43
no step-definition method match found for: I am on Login page
classpath:com/big/features/APIfeatures/SCU/GoogleTest.feature:10
no step-definition method match found for: I am on google page
classpath:com/big/features/APIfeatures/SCU/GoogleTest.feature:16
no step-definition method match found for: I am on google page
classpath:com/big/features/APIfeatures/SCU/GoogleTest.feature:16
no step-definition method match found for: def Baseurl =&#039;https://bat-xapi.ca-c1.cloudhub.io/api/v1&#039;
classpath:com/big/features/APIfeatures/BAT-API/Submission.feature:3
no step-definition method match found for: def Baseurl =&#039;https://bat-xapi.ca-c1.cloudhub.io/api/v1&#039;
classpath:com/big/features/APIfeatures/BAT-API/Submission.feature:3
no step-definition method match found for: def Baseurl =&#039;https://bat-xapi.ca-c1.cloudhub.io/api/v1&#039;
classpath:com/big/features/APIfeatures/BAT-API/Submission.feature:3
no step-definition method match found for: def Baseurl =&#039;https://bat-xapi.ca-c1.cloudhub.io/api/v1&#039;
classpath:com/big/features/APIfeatures/BAT-API/Submission.feature:3
no step-definition method match found for: I am on Google home Page
classpath:com/big/features/APIfeatures/SCU/DataTable.feature:7
js failed:
&gt;&gt;&gt;&gt;
01: Baseurl &#039;/api/bat/member/&#039;
&lt;&lt;&lt;&lt;
org.graalvm.polyglot.PolyglotException: SyntaxError: Unnamed:1:9 Expected ; but found /api/bat/member/
Baseurl &#039;/api/bat/member/&#039;
         ^

- org.graalvm.polyglot.Context.eval(Context.java:425)
- com.intuit.karate.graal.JsEngine.evalForValue(JsEngine.java:141)
- com.intuit.karate.graal.JsEngine.eval(JsEngine.java:137)
- com.intuit.karate.core.ScenarioEngine.evalJs(ScenarioEngine.java:1344)
- com.intuit.karate.core.ScenarioEngine.evalKarateExpression(ScenarioEngine.java:2373)
- com.intuit.karate.core.ScenarioEngine.evalKarateExpression(ScenarioEngine.java:2292)
- com.intuit.karate.core.ScenarioEngine.url(ScenarioEngine.java:365)

classpath:com/big/features/APIfeatures/SCU/TOKEN -XAPI/Token.feature:6
js failed:
&gt;&gt;&gt;&gt;
01: Baseurl + &#039;/healthcheck&#039;
&lt;&lt;&lt;&lt;
org.graalvm.polyglot.PolyglotException: ReferenceError: &quot;Baseurl&quot; is not defined
- &lt;js&gt;.:program(Unnamed:1)

classpath:com/big/features/APIfeatures/SCU/TOKEN -XAPI/Token.feature:12
js failed:
&gt;&gt;&gt;&gt;
01: BaseUrl
&lt;&lt;&lt;&lt;
org.graalvm.polyglot.PolyglotException: ReferenceError: &quot;BaseUrl&quot; is not defined
- &lt;js&gt;.:program(Unnamed:1)

classpath:com/big/features/APIfeatures/SCU/TOKEN -XAPI/Token.feature:19
no step-definition method match found for: def Baseurl =&#039;http://credit-card-xapi.ca-c1.cloudhub.io/api/v1&#039;
classpath:com/big/features/APIfeatures/CC-API/Read_Accounts.feature:3
no step-definition method match found for: def Baseurl =&#039;http://credit-card-xapi.ca-c1.cloudhub.io/api/v1&#039;
classpath:com/big/features/APIfeatures/CC-API/Read_Accounts.feature:3
no step-definition method match found for: def Baseurl =&#039;http://credit-card-xapi.ca-c1.cloudhub.io/api/v1&#039;
classpath:com/big/features/APIfeatures/CC-API/Read_Accounts.feature:3
no step-definition method match found for: def Baseurl =&#039;http://credit-card-xapi.ca-c1.cloudhub.io/api/v1&#039;
classpath:com/big/features/APIfeatures/CC-API/Read_Accounts.feature:3
no step-definition method match found for: def Baseurl =&#039;http://credit-card-xapi.ca-c1.cloudhub.io/api/v1&#039;
classpath:com/big/features/APIfeatures/CC-API/Read_Accounts.feature:3
no step-definition method match found for: def Baseurl =&#039;&#039;
classpath:com/big/features/APIfeatures/SCU/FIS-SAPI/FIS-SAPI.feature:3
no step-definition method match found for: def Baseurl =&#039;&#039;
classpath:com/big/features/APIfeatures/SCU/FIS-SAPI/FIS-SAPI.feature:3
no step-definition method match found for: def Baseurl =&#039;&#039;
classpath:com/big/features/APIfeatures/SCU/FIS-SAPI/FIS-SAPI.feature:3
js failed:
&gt;&gt;&gt;&gt;
01: Baseurl &#039;/api/bat/member/&#039;
&lt;&lt;&lt;&lt;
org.graalvm.polyglot.PolyglotException: SyntaxError: Unnamed:1:9 Expected ; but found /api/bat/member/
Baseurl &#039;/api/bat/member/&#039;
         ^

- org.graalvm.polyglot.Context.eval(Context.java:425)
- com.intuit.karate.graal.JsEngine.evalForValue(JsEngine.java:141)
- com.intuit.karate.graal.JsEngine.eval(JsEngine.java:137)
- com.intuit.karate.core.ScenarioEngine.evalJs(ScenarioEngine.java:1344)
- com.intuit.karate.core.ScenarioEngine.evalKarateExpression(ScenarioEngine.java:2373)
- com.intuit.karate.core.ScenarioEngine.evalKarateExpression(ScenarioEngine.java:2292)
- com.intuit.karate.core.ScenarioEngine.url(ScenarioEngine.java:365)

classpath:com/big/features/APIfeatures/SCU/TOKEN -SAPI/TokenSAPI.feature:6
no step-definition method match found for: match responseStatus 200
classpath:com/big/features/APIfeatures/SCU/Village Branch Service XAPI/Village_Branch_XAPI.feature:8
match failed: EACH_EQUALS
  $ | match each failed at index 7 (LIST:STRING)
  [&quot;Red Deer&quot;,&quot;Red Deer&quot;,&quot;Red Deer&quot;,&quot;Red Deer&quot;,&quot;Red Deer&quot;,&quot;Red Deer&quot;,&quot;Red Deer&quot;,&quot;Redcliff&quot;,&quot;Red Deer&quot;,&quot;Red Deer&quot;,&quot;Red Deer&quot;,&quot;Red Deer&quot;,&quot;Red Deer&quot;,&quot;Red Deer&quot;]
  &#039;Red Deer&#039;

    $[7] | not equal (STRING:STRING)
    &#039;Redcliff&#039;
    &#039;Red Deer&#039;

classpath:com/big/features/APIfeatures/SCU/Village Branch Service XAPI/Village_Branch_XAPI.feature:37 expected [48] but found [0]" type="java.lang.AssertionError">
      <![CDATA[java.lang.AssertionError: no step-definition method match found for: def Baseurl =''
classpath:com/big/features/APIfeatures/FIS-API/FIS-API.feature:3
no step-definition method match found for: def Baseurl =''
classpath:com/big/features/APIfeatures/FIS-API/FIS-API.feature:3
no step-definition method match found for: def Baseurl =''
classpath:com/big/features/APIfeatures/FIS-API/FIS-API.feature:3
no step-definition method match found for: def Baseurl =''
classpath:com/big/features/APIfeatures/FIS-API/FIS-API.feature:3
no step-definition method match found for: def Baseurl =''
classpath:com/big/features/APIfeatures/FIS-API/FIS-API.feature:3
no step-definition method match found for: def Baseurl =''
classpath:com/big/features/APIfeatures/FIS-API/FIS-API.feature:3
no step-definition method match found for: def Baseurl =''
classpath:com/big/features/APIfeatures/FIS-API/FIS-API.feature:3
no step-definition method match found for: def Baseurl =''
classpath:com/big/features/APIfeatures/FIS-API/FIS-API.feature:3
no step-definition method match found for: def Baseurl =''
classpath:com/big/features/APIfeatures/FIS-API/FIS-API.feature:3
no step-definition method match found for: def Baseurl =''
classpath:com/big/features/APIfeatures/FIS-API/FIS-API.feature:3
no step-definition method match found for: def Baseurl =''
classpath:com/big/features/APIfeatures/FIS-API/FIS-API.feature:3
js failed:
>>>>
01: read(../Village Branch Service XAPI/Village_Branch_XAPI.feature)
<<<<
org.graalvm.polyglot.PolyglotException: SyntaxError: Unnamed:1:5 Expected an operand but found .
read(../Village Branch Service XAPI/Village_Branch_XAPI.feature)
     ^

- org.graalvm.polyglot.Context.eval(Context.java:425)
- com.intuit.karate.graal.JsEngine.evalForValue(JsEngine.java:141)
- com.intuit.karate.graal.JsEngine.eval(JsEngine.java:137)
- com.intuit.karate.core.ScenarioEngine.evalJs(ScenarioEngine.java:1344)
- com.intuit.karate.core.ScenarioEngine.evalKarateExpression(ScenarioEngine.java:2373)
- com.intuit.karate.core.ScenarioEngine.evalKarateExpression(ScenarioEngine.java:2292)
- com.intuit.karate.core.ScenarioEngine.call(ScenarioEngine.java:2056)

classpath:com/big/features/APIfeatures/SCU/FISSSO-XAPI/Read_Token_Read_Card.feature:8
js failed:
>>>>
01: Baseurl +'/api/bat/member/'
<<<<
org.graalvm.polyglot.PolyglotException: ReferenceError: "Baseurl" is not defined
- <js>.:program(Unnamed:1)

classpath:com/big/features/APIfeatures/SCU/CC-XAPI/CC_XAPI.feature:6
js failed:
>>>>
01: Baseurl +'/healthcheck'
<<<<
org.graalvm.polyglot.PolyglotException: ReferenceError: "Baseurl" is not defined
- <js>.:program(Unnamed:1)

classpath:com/big/features/APIfeatures/SCU/CC-XAPI/CC_XAPI.feature:12
js failed:
>>>>
01: Baseurl '/api/bat/member/'
<<<<
org.graalvm.polyglot.PolyglotException: SyntaxError: Unnamed:1:9 Expected ; but found /api/bat/member/
Baseurl '/api/bat/member/'
         ^

- org.graalvm.polyglot.Context.eval(Context.java:425)
- com.intuit.karate.graal.JsEngine.evalForValue(JsEngine.java:141)
- com.intuit.karate.graal.JsEngine.eval(JsEngine.java:137)
- com.intuit.karate.core.ScenarioEngine.evalJs(ScenarioEngine.java:1344)
- com.intuit.karate.core.ScenarioEngine.evalKarateExpression(ScenarioEngine.java:2373)
- com.intuit.karate.core.ScenarioEngine.evalKarateExpression(ScenarioEngine.java:2292)
- com.intuit.karate.core.ScenarioEngine.url(ScenarioEngine.java:365)

classpath:com/big/features/APIfeatures/SCU/CC-XAPI/CC_XAPI.feature:18
js failed:
>>>>
01: Baseurl + '/healthcheck'
<<<<
org.graalvm.polyglot.PolyglotException: ReferenceError: "Baseurl" is not defined
- <js>.:program(Unnamed:1)

classpath:com/big/features/APIfeatures/SCU/CC-XAPI/CC_XAPI.feature:24
js failed:
>>>>
01: Baseurl '/api/bat/member/'
<<<<
org.graalvm.polyglot.PolyglotException: SyntaxError: Unnamed:1:9 Expected ; but found /api/bat/member/
Baseurl '/api/bat/member/'
         ^

- org.graalvm.polyglot.Context.eval(Context.java:425)
- com.intuit.karate.graal.JsEngine.evalForValue(JsEngine.java:141)
- com.intuit.karate.graal.JsEngine.eval(JsEngine.java:137)
- com.intuit.karate.core.ScenarioEngine.evalJs(ScenarioEngine.java:1344)
- com.intuit.karate.core.ScenarioEngine.evalKarateExpression(ScenarioEngine.java:2373)
- com.intuit.karate.core.ScenarioEngine.evalKarateExpression(ScenarioEngine.java:2292)
- com.intuit.karate.core.ScenarioEngine.url(ScenarioEngine.java:365)

classpath:com/big/features/APIfeatures/SCU/CC-XAPI/CC_XAPI.feature:30
js failed:
>>>>
01: Baseurl + '/healthcheck'
<<<<
org.graalvm.polyglot.PolyglotException: ReferenceError: "Baseurl" is not defined
- <js>.:program(Unnamed:1)

classpath:com/big/features/APIfeatures/SCU/CC-XAPI/CC_XAPI.feature:36
js failed:
>>>>
01: BaseUrl
<<<<
org.graalvm.polyglot.PolyglotException: ReferenceError: "BaseUrl" is not defined
- <js>.:program(Unnamed:1)

classpath:com/big/features/APIfeatures/SCU/CC-XAPI/CC_XAPI.feature:43
js failed:
>>>>
01: Baseurl 'core-api/secure/iso20022/account'
<<<<
org.graalvm.polyglot.PolyglotException: SyntaxError: Unnamed:1:9 Expected ; but found core-api/secure/iso20022/account
Baseurl 'core-api/secure/iso20022/account'
         ^

- org.graalvm.polyglot.Context.eval(Context.java:425)
- com.intuit.karate.graal.JsEngine.evalForValue(JsEngine.java:141)
- com.intuit.karate.graal.JsEngine.eval(JsEngine.java:137)
- com.intuit.karate.core.ScenarioEngine.evalJs(ScenarioEngine.java:1344)
- com.intuit.karate.core.ScenarioEngine.evalKarateExpression(ScenarioEngine.java:2373)
- com.intuit.karate.core.ScenarioEngine.evalKarateExpression(ScenarioEngine.java:2292)
- com.intuit.karate.core.ScenarioEngine.url(ScenarioEngine.java:365)

classpath:com/big/features/APIfeatures/SCU/Core ISO XAPI/Core_ISO_XAPI.feature:6
js failed:
>>>>
01: Baseurl + '/healthcheck'
<<<<
org.graalvm.polyglot.PolyglotException: ReferenceError: "Baseurl" is not defined
- <js>.:program(Unnamed:1)

classpath:com/big/features/APIfeatures/SCU/Core ISO XAPI/Core_ISO_XAPI.feature:12
js failed:
>>>>
01: Baseurl '/api/bat/member/'
<<<<
org.graalvm.polyglot.PolyglotException: SyntaxError: Unnamed:1:9 Expected ; but found /api/bat/member/
Baseurl '/api/bat/member/'
         ^

- org.graalvm.polyglot.Context.eval(Context.java:425)
- com.intuit.karate.graal.JsEngine.evalForValue(JsEngine.java:141)
- com.intuit.karate.graal.JsEngine.eval(JsEngine.java:137)
- com.intuit.karate.core.ScenarioEngine.evalJs(ScenarioEngine.java:1344)
- com.intuit.karate.core.ScenarioEngine.evalKarateExpression(ScenarioEngine.java:2373)
- com.intuit.karate.core.ScenarioEngine.evalKarateExpression(ScenarioEngine.java:2292)
- com.intuit.karate.core.ScenarioEngine.url(ScenarioEngine.java:365)

classpath:com/big/features/APIfeatures/SCU/Core ISO XAPI/Core_ISO_XAPI.feature:18
js failed:
>>>>
01: Baseurl + '/healthcheck'
<<<<
org.graalvm.polyglot.PolyglotException: ReferenceError: "Baseurl" is not defined
- <js>.:program(Unnamed:1)

classpath:com/big/features/APIfeatures/SCU/Core ISO XAPI/Core_ISO_XAPI.feature:24
js failed:
>>>>
01: Baseurl '/api/bat/member/'
<<<<
org.graalvm.polyglot.PolyglotException: SyntaxError: Unnamed:1:9 Expected ; but found /api/bat/member/
Baseurl '/api/bat/member/'
         ^

- org.graalvm.polyglot.Context.eval(Context.java:425)
- com.intuit.karate.graal.JsEngine.evalForValue(JsEngine.java:141)
- com.intuit.karate.graal.JsEngine.eval(JsEngine.java:137)
- com.intuit.karate.core.ScenarioEngine.evalJs(ScenarioEngine.java:1344)
- com.intuit.karate.core.ScenarioEngine.evalKarateExpression(ScenarioEngine.java:2373)
- com.intuit.karate.core.ScenarioEngine.evalKarateExpression(ScenarioEngine.java:2292)
- com.intuit.karate.core.ScenarioEngine.url(ScenarioEngine.java:365)

classpath:com/big/features/APIfeatures/SCU/Core ISO XAPI/Core_ISO_XAPI.feature:30
js failed:
>>>>
01: Baseurl + '/healthcheck'
<<<<
org.graalvm.polyglot.PolyglotException: ReferenceError: "Baseurl" is not defined
- <js>.:program(Unnamed:1)

classpath:com/big/features/APIfeatures/SCU/Core ISO XAPI/Core_ISO_XAPI.feature:36
js failed:
>>>>
01: BaseUrl
<<<<
org.graalvm.polyglot.PolyglotException: ReferenceError: "BaseUrl" is not defined
- <js>.:program(Unnamed:1)

classpath:com/big/features/APIfeatures/SCU/Core ISO XAPI/Core_ISO_XAPI.feature:43
no step-definition method match found for: I am on Login page
classpath:com/big/features/APIfeatures/SCU/GoogleTest.feature:10
no step-definition method match found for: I am on google page
classpath:com/big/features/APIfeatures/SCU/GoogleTest.feature:16
no step-definition method match found for: I am on google page
classpath:com/big/features/APIfeatures/SCU/GoogleTest.feature:16
no step-definition method match found for: def Baseurl ='https://bat-xapi.ca-c1.cloudhub.io/api/v1'
classpath:com/big/features/APIfeatures/BAT-API/Submission.feature:3
no step-definition method match found for: def Baseurl ='https://bat-xapi.ca-c1.cloudhub.io/api/v1'
classpath:com/big/features/APIfeatures/BAT-API/Submission.feature:3
no step-definition method match found for: def Baseurl ='https://bat-xapi.ca-c1.cloudhub.io/api/v1'
classpath:com/big/features/APIfeatures/BAT-API/Submission.feature:3
no step-definition method match found for: def Baseurl ='https://bat-xapi.ca-c1.cloudhub.io/api/v1'
classpath:com/big/features/APIfeatures/BAT-API/Submission.feature:3
no step-definition method match found for: I am on Google home Page
classpath:com/big/features/APIfeatures/SCU/DataTable.feature:7
js failed:
>>>>
01: Baseurl '/api/bat/member/'
<<<<
org.graalvm.polyglot.PolyglotException: SyntaxError: Unnamed:1:9 Expected ; but found /api/bat/member/
Baseurl '/api/bat/member/'
         ^

- org.graalvm.polyglot.Context.eval(Context.java:425)
- com.intuit.karate.graal.JsEngine.evalForValue(JsEngine.java:141)
- com.intuit.karate.graal.JsEngine.eval(JsEngine.java:137)
- com.intuit.karate.core.ScenarioEngine.evalJs(ScenarioEngine.java:1344)
- com.intuit.karate.core.ScenarioEngine.evalKarateExpression(ScenarioEngine.java:2373)
- com.intuit.karate.core.ScenarioEngine.evalKarateExpression(ScenarioEngine.java:2292)
- com.intuit.karate.core.ScenarioEngine.url(ScenarioEngine.java:365)

classpath:com/big/features/APIfeatures/SCU/TOKEN -XAPI/Token.feature:6
js failed:
>>>>
01: Baseurl + '/healthcheck'
<<<<
org.graalvm.polyglot.PolyglotException: ReferenceError: "Baseurl" is not defined
- <js>.:program(Unnamed:1)

classpath:com/big/features/APIfeatures/SCU/TOKEN -XAPI/Token.feature:12
js failed:
>>>>
01: BaseUrl
<<<<
org.graalvm.polyglot.PolyglotException: ReferenceError: "BaseUrl" is not defined
- <js>.:program(Unnamed:1)

classpath:com/big/features/APIfeatures/SCU/TOKEN -XAPI/Token.feature:19
no step-definition method match found for: def Baseurl ='http://credit-card-xapi.ca-c1.cloudhub.io/api/v1'
classpath:com/big/features/APIfeatures/CC-API/Read_Accounts.feature:3
no step-definition method match found for: def Baseurl ='http://credit-card-xapi.ca-c1.cloudhub.io/api/v1'
classpath:com/big/features/APIfeatures/CC-API/Read_Accounts.feature:3
no step-definition method match found for: def Baseurl ='http://credit-card-xapi.ca-c1.cloudhub.io/api/v1'
classpath:com/big/features/APIfeatures/CC-API/Read_Accounts.feature:3
no step-definition method match found for: def Baseurl ='http://credit-card-xapi.ca-c1.cloudhub.io/api/v1'
classpath:com/big/features/APIfeatures/CC-API/Read_Accounts.feature:3
no step-definition method match found for: def Baseurl ='http://credit-card-xapi.ca-c1.cloudhub.io/api/v1'
classpath:com/big/features/APIfeatures/CC-API/Read_Accounts.feature:3
no step-definition method match found for: def Baseurl =''
classpath:com/big/features/APIfeatures/SCU/FIS-SAPI/FIS-SAPI.feature:3
no step-definition method match found for: def Baseurl =''
classpath:com/big/features/APIfeatures/SCU/FIS-SAPI/FIS-SAPI.feature:3
no step-definition method match found for: def Baseurl =''
classpath:com/big/features/APIfeatures/SCU/FIS-SAPI/FIS-SAPI.feature:3
js failed:
>>>>
01: Baseurl '/api/bat/member/'
<<<<
org.graalvm.polyglot.PolyglotException: SyntaxError: Unnamed:1:9 Expected ; but found /api/bat/member/
Baseurl '/api/bat/member/'
         ^

- org.graalvm.polyglot.Context.eval(Context.java:425)
- com.intuit.karate.graal.JsEngine.evalForValue(JsEngine.java:141)
- com.intuit.karate.graal.JsEngine.eval(JsEngine.java:137)
- com.intuit.karate.core.ScenarioEngine.evalJs(ScenarioEngine.java:1344)
- com.intuit.karate.core.ScenarioEngine.evalKarateExpression(ScenarioEngine.java:2373)
- com.intuit.karate.core.ScenarioEngine.evalKarateExpression(ScenarioEngine.java:2292)
- com.intuit.karate.core.ScenarioEngine.url(ScenarioEngine.java:365)

classpath:com/big/features/APIfeatures/SCU/TOKEN -SAPI/TokenSAPI.feature:6
no step-definition method match found for: match responseStatus 200
classpath:com/big/features/APIfeatures/SCU/Village Branch Service XAPI/Village_Branch_XAPI.feature:8
match failed: EACH_EQUALS
  $ | match each failed at index 7 (LIST:STRING)
  ["Red Deer","Red Deer","Red Deer","Red Deer","Red Deer","Red Deer","Red Deer","Redcliff","Red Deer","Red Deer","Red Deer","Red Deer","Red Deer","Red Deer"]
  'Red Deer'

    $[7] | not equal (STRING:STRING)
    'Redcliff'
    'Red Deer'

classpath:com/big/features/APIfeatures/SCU/Village Branch Service XAPI/Village_Branch_XAPI.feature:37 expected [48] but found [0]
at org.testng.Assert.fail(Assert.java:110)
at org.testng.Assert.failNotEquals(Assert.java:1413)
at org.testng.Assert.assertEqualsImpl(Assert.java:149)
at org.testng.Assert.assertEquals(Assert.java:131)
at org.testng.Assert.assertEquals(Assert.java:1240)
at com.big.TestRunners.KarateRunner.testParallel(KarateRunner.java:21)
at java.base/jdk.internal.reflect.DirectMethodHandleAccessor.invoke(DirectMethodHandleAccessor.java:104)
at java.base/java.lang.reflect.Method.invoke(Method.java:578)
at org.junit.runners.model.FrameworkMethod$1.runReflectiveCall(FrameworkMethod.java:59)
at org.junit.internal.runners.model.ReflectiveCallable.run(ReflectiveCallable.java:12)
at org.junit.runners.model.FrameworkMethod.invokeExplosively(FrameworkMethod.java:56)
at org.junit.internal.runners.statements.InvokeMethod.evaluate(InvokeMethod.java:17)
at org.junit.runners.ParentRunner$3.evaluate(ParentRunner.java:306)
at org.junit.runners.BlockJUnit4ClassRunner$1.evaluate(BlockJUnit4ClassRunner.java:100)
at org.junit.runners.ParentRunner.runLeaf(ParentRunner.java:366)
at org.junit.runners.BlockJUnit4ClassRunner.runChild(BlockJUnit4ClassRunner.java:103)
at org.junit.runners.BlockJUnit4ClassRunner.runChild(BlockJUnit4ClassRunner.java:63)
at org.junit.runners.ParentRunner$4.run(ParentRunner.java:331)
at org.junit.runners.ParentRunner$1.schedule(ParentRunner.java:79)
at org.junit.runners.ParentRunner.runChildren(ParentRunner.java:329)
at org.junit.runners.ParentRunner.access$100(ParentRunner.java:66)
at org.junit.runners.ParentRunner$2.evaluate(ParentRunner.java:293)
at org.junit.runners.ParentRunner$3.evaluate(ParentRunner.java:306)
at org.junit.runners.ParentRunner.run(ParentRunner.java:413)
at org.junit.runner.JUnitCore.run(JUnitCore.java:137)
at org.junit.runner.JUnitCore.run(JUnitCore.java:115)
at org.testng.junit.JUnit4TestRunner.start(JUnit4TestRunner.java:71)
at org.testng.junit.JUnit4TestRunner.run(JUnit4TestRunner.java:56)
at org.testng.TestRunner$1.run(TestRunner.java:681)
at java.base/java.util.ArrayList.forEach(ArrayList.java:1511)
at org.testng.TestRunner.runJUnitWorkers(TestRunner.java:887)
at org.testng.TestRunner.privateRunJUnit(TestRunner.java:710)
at org.testng.TestRunner.run(TestRunner.java:601)
at org.testng.SuiteRunner.runTest(SuiteRunner.java:429)
at org.testng.SuiteRunner.runSequentially(SuiteRunner.java:423)
at org.testng.SuiteRunner.privateRun(SuiteRunner.java:383)
at org.testng.SuiteRunner.run(SuiteRunner.java:326)
at org.testng.SuiteRunnerWorker.runSuite(SuiteRunnerWorker.java:52)
at org.testng.SuiteRunnerWorker.run(SuiteRunnerWorker.java:95)
at org.testng.TestNG.runSuitesSequentially(TestNG.java:1249)
at org.testng.TestNG.runSuitesLocally(TestNG.java:1169)
at org.testng.TestNG.runSuites(TestNG.java:1092)
at org.testng.TestNG.run(TestNG.java:1060)
at org.apache.maven.surefire.testng.TestNGExecutor.run(TestNGExecutor.java:155)
at org.apache.maven.surefire.testng.TestNGDirectoryTestSuite.executeSingleClass(TestNGDirectoryTestSuite.java:102)
at org.apache.maven.surefire.testng.TestNGDirectoryTestSuite.execute(TestNGDirectoryTestSuite.java:91)
at org.apache.maven.surefire.testng.TestNGProvider.invoke(TestNGProvider.java:137)
at org.apache.maven.surefire.booter.ForkedBooter.runSuitesInProcess(ForkedBooter.java:385)
at org.apache.maven.surefire.booter.ForkedBooter.execute(ForkedBooter.java:162)
at org.apache.maven.surefire.booter.ForkedBooter.run(ForkedBooter.java:507)
at org.apache.maven.surefire.booter.ForkedBooter.main(ForkedBooter.java:495)
]]>
    </failure>
  </testcase> <!-- testParallel -->
  <system-out/>
</testsuite> <!-- com.big.TestRunners.KarateRunner -->
